2024-08-19 11:39:49: -- 分析开始 On File Change, After Delay
2024-08-19 11:39:50: 右侧: 同步需要磁盘 https://domi.teracloud.jp 上的空间应为 27.65 KB, 而可用空间大小未知
2024-08-19 11:39:50: 变更：2， 冲突：0， 复制时间：0， 复制状态：0， 错误： 0, All: 48
2024-08-19 11:39:50: Left to Right: Copy File: 2 
2024-08-19 11:39:50: == 同步开始由 On File Change, After Delay
2024-08-19 11:39:50: Start only 2 threads, limited by tasks to run
2024-08-19 11:39:50: ConnectCloned connected to file:///C:/Users/Long/Desktop/mcpatch/mcpatchv1/public
2024-08-19 11:39:50: ConnectCloned connected to file:///C:/Users/Long/Desktop/mcpatch/mcpatchv1/public
2024-08-19 11:39:51: GsConnectAndSetRoot1 connected to https://domi.teracloud.jp/dav/public
2024-08-19 11:39:51: GsConnectAndSetRoot1 connected to https://domi.teracloud.jp/dav/public
2024-08-19 11:39:51: Waiting for 0+4(120) sec on verb CopyFileSimple: CloseUpload: [requesting Basic auth]: 
2024-08-19 11:39:51: Waiting for 0+4(120) sec on verb CopyFileSimple: CloseUpload: [requesting Basic auth]: 
2024-08-19 11:39:55: Recovered the connection, continuing operations
2024-08-19 11:39:55: Waiting for 0+8(120) sec on verb CopyFileSimple: CloseUpload: Unexpected EOF when reading reply
2024-08-19 11:39:55: Recovered the connection, continuing operations
2024-08-19 11:39:55: Waiting for 0+8(120) sec on verb CopyFileSimple: CloseUpload: Unexpected EOF when reading reply
2024-08-19 11:40:04: Recovered the connection, continuing operations
2024-08-19 11:40:05: Recovered the connection, continuing operations
2024-08-19 11:40:05: 新建复制 'C:/Users/Long/Desktop/mcpatch/mcpatchv1/public/1.0.3.mcpatch.zip' -> 'https://domi.teracloud.jp/dav/public/1.0.3.mcpatch.zip' (27,601)
2024-08-19 11:40:06: 覆盖复制 'C:/Users/Long/Desktop/mcpatch/mcpatchv1/public/versions.txt' -> 'https://domi.teracloud.jp/dav/public/versions.txt' (33)
2024-08-19 11:40:06: 保持文件状态 C:/Users/Long/Desktop/mcpatch/mcpatchv1/public/_gsdata_/_file_state_v4._gs
2024-08-19 11:40:06: Waiting for 0+4(120) sec on verb CopyFileSimple: CloseUpload: Unexpected EOF when reading reply
2024-08-19 11:40:12: Recovered the connection, continuing operations
2024-08-19 11:40:12: 保持文件状态 https://domi.teracloud.jp/dav/public/_gsdata_/_file_state_v4._gs
2024-08-19 11:40:15: == 同步完成. 历时: 00:00:25, 速度: 1.44 KB/s, 完成: 2, 错误: 0
