2024-08-18 15:55:48: -- 分析开始 On File Change, After Delay
2024-08-18 15:55:49: 右侧: 同步需要磁盘 https://domi.teracloud.jp 上的空间应为 339.97 KB, 而可用空间大小未知
2024-08-18 15:55:49: 变更：2， 冲突：0， 复制时间：0， 复制状态：0， 错误： 0, All: 46
2024-08-18 15:55:49: Left to Right: Copy File: 2 
2024-08-18 15:55:49: == 同步开始由 On File Change, After Delay
2024-08-18 15:55:49: Start only 2 threads, limited by tasks to run
2024-08-18 15:55:49: ConnectCloned connected to file:///C:/Users/Long/Desktop/mcpatch/mcpatchv1/public
2024-08-18 15:55:49: ConnectCloned connected to file:///C:/Users/Long/Desktop/mcpatch/mcpatchv1/public
2024-08-18 15:55:50: GsConnectAndSetRoot1 connected to https://domi.teracloud.jp/dav/public
2024-08-18 15:55:50: GsConnectAndSetRoot1 connected to https://domi.teracloud.jp/dav/public
2024-08-18 15:55:50: Waiting for 0+4(120) sec on verb CopyFileSimple: CloseUpload: [requesting Basic auth]: 
2024-08-18 15:55:50: Waiting for 0+4(120) sec on verb CopyFileSimple: CloseUpload: [requesting Basic auth]: 
2024-08-18 15:55:54: Recovered the connection, continuing operations
2024-08-18 15:55:54: Waiting for 0+8(120) sec on verb CopyFileSimple: CloseUpload: Unexpected EOF when reading reply
2024-08-18 15:55:55: Recovered the connection, continuing operations
2024-08-18 15:55:55: Waiting for 0+8(120) sec on verb CopyFileSimple: CloseUpload: Unexpected EOF when reading reply
2024-08-18 15:56:03: Recovered the connection, continuing operations
2024-08-18 15:56:04: Recovered the connection, continuing operations
2024-08-18 15:56:04: 覆盖复制 'C:/Users/Long/Desktop/mcpatch/mcpatchv1/public/versions.txt' -> 'https://domi.teracloud.jp/dav/public/versions.txt' (11)
2024-08-18 15:56:04: 新建复制 'C:/Users/Long/Desktop/mcpatch/mcpatchv1/public/1.0.2.mcpatch.zip' -> 'https://domi.teracloud.jp/dav/public/1.0.2.mcpatch.zip' (339,062)
2024-08-18 15:56:04: 保持文件状态 C:/Users/Long/Desktop/mcpatch/mcpatchv1/public/_gsdata_/_file_state_v4._gs
2024-08-18 15:56:04: Waiting for 0+4(120) sec on verb CopyFileSimple: CloseUpload: Unexpected EOF when reading reply
2024-08-18 15:56:09: Recovered the connection, continuing operations
2024-08-18 15:56:09: 保持文件状态 https://domi.teracloud.jp/dav/public/_gsdata_/_file_state_v4._gs
2024-08-18 15:56:10: == 同步完成. 历时: 00:00:21, 速度: 17.16 KB/s, 完成: 2, 错误: 0
